<?xml version="1.0" encoding="UTF-8"?>
<!-- Generated by org.testng.reporters.JUnitReportReporter -->
<testsuite hostname="LAPTOP-76UMSG6O" failures="0" tests="1" name="com.example.AddToCart" time="43.175" errors="0" timestamp="2022-03-29T10:42:23 IST" skipped="0">
  <testcase classname="com.example.AddToCart" name="cart" time="43.175"/>
  <system-out/>
</testsuite> <!-- com.example.AddToCart -->
