<?xml version="1.0" encoding="UTF-8"?>
<!-- Generated by org.testng.reporters.JUnitReportReporter -->
<testsuite hostname="LAPTOP-76UMSG6O" failures="0" tests="1" name="com.example.Register" time="12.739" errors="0" timestamp="2022-03-29T10:42:23 IST" skipped="0">
  <testcase classname="com.example.Register" name="Reg" time="12.739"/>
  <system-out/>
</testsuite> <!-- com.example.Register -->
