<?xml version="1.0" encoding="UTF-8"?>
<!-- Generated by org.testng.reporters.JUnitReportReporter -->
<testsuite hostname="LAPTOP-76UMSG6O" failures="0" tests="2" name="com.example.Login" time="6.486" errors="0" timestamp="2022-03-29T10:42:23 IST" skipped="0">
  <testcase classname="com.example.Login" name="login1" time="0.107"/>
  <system-out/>
  <testcase classname="com.example.Login" name="login" time="6.379"/>
  <system-out/>
</testsuite> <!-- com.example.Login -->
