<?xml version="1.0" encoding="UTF-8"?>
<!-- Generated by org.testng.reporters.JUnitReportReporter -->
<testsuite hostname="LAPTOP-76UMSG6O" failures="0" tests="1" name="com.example.Search" time="32.267" errors="0" timestamp="2022-03-29T10:42:23 IST" skipped="0">
  <testcase classname="com.example.Search" name="search" time="32.267"/>
  <system-out/>
</testsuite> <!-- com.example.Search -->
